<?xml version="1.0" encoding="UTF-8"?>
<!-- Generated by org.testng.reporters.JUnitReportReporter -->
<testsuite hostname="ICPL11520" name="com.timesofindia.test.TimesOfIndiaEntertainmentTestPage" tests="1" failures="0" timestamp="5 Jun 2017 10:11:52 GMT" time="59.806" errors="0">
  <testcase name="EntertainmentPage" time="59.806" classname="com.timesofindia.test.TimesOfIndiaEntertainmentTestPage"/>
</testsuite> <!-- com.timesofindia.test.TimesOfIndiaEntertainmentTestPage -->
