<?xml version="1.0" encoding="UTF-8"?>
<!-- Generated by org.testng.reporters.JUnitReportReporter -->
<testsuite hostname="ICPL11520" name="com.timesofindia.test.TimesOfIndiaCityTestPage" tests="1" failures="0" timestamp="12 Jun 2017 12:09:33 GMT" time="518.115" errors="0">
  <testcase name="cityPage" time="518.115" classname="com.timesofindia.test.TimesOfIndiaCityTestPage"/>
</testsuite> <!-- com.timesofindia.test.TimesOfIndiaCityTestPage -->
