<?xml version="1.0" encoding="UTF-8"?>
<!-- Generated by org.testng.reporters.JUnitReportReporter -->
<testsuite hostname="ICPL11520" name="com.assignment.day1.example.test.HomeTestPage" tests="1" failures="0" timestamp="16 May 2017 10:06:35 GMT" time="28.428" errors="0">
  <testcase name="timesOfIndiaHomePage" time="28.428" classname="com.assignment.day1.example.test.HomeTestPage"/>
</testsuite> <!-- com.assignment.day1.example.test.HomeTestPage -->
